<?xml version="1.0" encoding="UTF-8"?>
<!-- Generated by org.testng.reporters.JUnitXMLReporter -->
<testsuite ignored="0" hostname="DESKTOP-C6K0RRD" failures="0" tests="4" name="Test" time="11.607" errors="0" timestamp="2022-12-15T16:31:48 IST">
  <testcase classname="com.test.SampleTest" name="testCase1" time="0.009"/>
  <testcase classname="com.test.SampleTest" name="testCase2" time="0.001"/>
  <testcase classname="com.test.SampleTest" name="testCase3" time="0.001"/>
  <testcase classname="com.test.SampleTest" name="testCase4" time="0.001"/>
</testsuite> <!-- Test -->
