<?xml version="1.0" encoding="UTF-8"?>
<testng-results ignored="0" total="4" passed="4" failed="0" skipped="0">
  <reporter-output>
  </reporter-output>
  <suite started-at="2022-12-15T16:31:36 IST" name="Suite" finished-at="2022-12-15T16:31:48 IST" duration-ms="11607">
    <groups>
    </groups>
    <test started-at="2022-12-15T16:31:36 IST" name="Test" finished-at="2022-12-15T16:31:48 IST" duration-ms="11607">
      <class name="com.test.SampleTest">
        <test-method is-config="true" signature="setuo()[pri:0, instance:com.test.SampleTest@4310d43]" started-at="2022-12-15T16:31:36 IST" name="setuo" finished-at="2022-12-15T16:31:40 IST" duration-ms="3635" status="PASS">
          <reporter-output>
          </reporter-output>
        </test-method> <!-- setuo -->
        <test-method signature="testCase1()[pri:0, instance:com.test.SampleTest@4310d43]" started-at="2022-12-15T16:31:40 IST" name="testCase1" finished-at="2022-12-15T16:31:40 IST" duration-ms="9" status="PASS">
          <reporter-output>
          </reporter-output>
        </test-method> <!-- testCase1 -->
        <test-method is-config="true" signature="tearDown()[pri:0, instance:com.test.SampleTest@4310d43]" started-at="2022-12-15T16:31:40 IST" name="tearDown" finished-at="2022-12-15T16:31:40 IST" duration-ms="24" status="PASS">
          <reporter-output>
          </reporter-output>
        </test-method> <!-- tearDown -->
        <test-method is-config="true" signature="setuo()[pri:0, instance:com.test.SampleTest@4310d43]" started-at="2022-12-15T16:31:40 IST" name="setuo" finished-at="2022-12-15T16:31:42 IST" duration-ms="2516" status="PASS">
          <reporter-output>
          </reporter-output>
        </test-method> <!-- setuo -->
        <test-method signature="testCase2()[pri:0, instance:com.test.SampleTest@4310d43]" started-at="2022-12-15T16:31:42 IST" name="testCase2" finished-at="2022-12-15T16:31:42 IST" duration-ms="1" status="PASS">
          <reporter-output>
          </reporter-output>
        </test-method> <!-- testCase2 -->
        <test-method is-config="true" signature="tearDown()[pri:0, instance:com.test.SampleTest@4310d43]" started-at="2022-12-15T16:31:42 IST" name="tearDown" finished-at="2022-12-15T16:31:42 IST" duration-ms="19" status="PASS">
          <reporter-output>
          </reporter-output>
        </test-method> <!-- tearDown -->
        <test-method is-config="true" signature="setuo()[pri:0, instance:com.test.SampleTest@4310d43]" started-at="2022-12-15T16:31:42 IST" name="setuo" finished-at="2022-12-15T16:31:45 IST" duration-ms="2608" status="PASS">
          <reporter-output>
          </reporter-output>
        </test-method> <!-- setuo -->
        <test-method signature="testCase3()[pri:0, instance:com.test.SampleTest@4310d43]" started-at="2022-12-15T16:31:45 IST" name="testCase3" finished-at="2022-12-15T16:31:45 IST" duration-ms="1" status="PASS">
          <reporter-output>
          </reporter-output>
        </test-method> <!-- testCase3 -->
        <test-method is-config="true" signature="tearDown()[pri:0, instance:com.test.SampleTest@4310d43]" started-at="2022-12-15T16:31:45 IST" name="tearDown" finished-at="2022-12-15T16:31:45 IST" duration-ms="19" status="PASS">
          <reporter-output>
          </reporter-output>
        </test-method> <!-- tearDown -->
        <test-method is-config="true" signature="setuo()[pri:0, instance:com.test.SampleTest@4310d43]" started-at="2022-12-15T16:31:45 IST" name="setuo" finished-at="2022-12-15T16:31:48 IST" duration-ms="2696" status="PASS">
          <reporter-output>
          </reporter-output>
        </test-method> <!-- setuo -->
        <test-method signature="testCase4()[pri:0, instance:com.test.SampleTest@4310d43]" started-at="2022-12-15T16:31:48 IST" name="testCase4" finished-at="2022-12-15T16:31:48 IST" duration-ms="1" status="PASS">
          <reporter-output>
          </reporter-output>
        </test-method> <!-- testCase4 -->
        <test-method is-config="true" signature="tearDown()[pri:0, instance:com.test.SampleTest@4310d43]" started-at="2022-12-15T16:31:48 IST" name="tearDown" finished-at="2022-12-15T16:31:48 IST" duration-ms="18" status="PASS">
          <reporter-output>
          </reporter-output>
        </test-method> <!-- tearDown -->
      </class> <!-- com.test.SampleTest -->
    </test> <!-- Test -->
  </suite> <!-- Suite -->
</testng-results>
